<?xml version="1.0" encoding="UTF-8" ?>
<testsuite tests="6" failures="0" name="testrunner.TestRunnerAppium" time="116.376" errors="0" skipped="0">
  <properties>
[...]
</properties>
  <testcase classname="Add product to cart" name="User is logged into Amazon app" time="5.784"/>
  <testcase classname="Add product to cart" name="User searches for and selects &quot;airpods pro 2&quot;" time="20.499"/>
  <testcase classname="Add product to cart" name="User chooses the product named &quot;Apple AirPods Pro (2nd Generation) ​​​​​​​&quot;" time="23.998"/>
  <testcase classname="Add product to cart" name="User adds it to cart" time="49.887"/>
  <testcase classname="Add product to cart" name="The product gets added to cart" time="7.679"/>
  <testcase classname="Add product to cart" name="Add product to cart" time="8.529"/>
</testsuite>